<?xml version="1.0" encoding="UTF-8"?>
<testsuite xmlns:xsi="http://www.w3.org/2001/XMLSchema-instance" xsi:noNamespaceSchemaLocation="https://maven.apache.org/surefire/maven-surefire-plugin/xsd/surefire-test-report-3.0.xsd" version="3.0" name="TestSuite" time="22.208" tests="1" errors="0" skipped="0" failures="0">
  <properties>
[...]
</properties>
  <testcase name="runScenario[&quot;Select product and add to cart&quot;, &quot;User add product to add to cart&quot;](1)" classname="championIT.testRunner.TestNgRunner$TestRunner" time="21.077">
    <system-out><![CDATA[
@test1
Scenario Outline: Select product and add to cart &amp#27;[90m# Features/AppleCart.feature:12&amp#27;[0m
  &amp#27;[32mGiven &amp#27;[0m&amp#27;[32muser have access to apple homepage&amp#27;[0m       &amp#27;[90m# championIT.stepDef.AppleCartStepDef.user_have_access_to_apple_homepage()&amp#27;[0m
  &amp#27;[32mWhen &amp#27;[0m&amp#27;[32muser search for &amp#27;[0m&amp#27;[32m&amp#27;[1m"MacBook Pro"&amp#27;[0m             &amp#27;[90m# championIT.stepDef.AppleCartStepDef.user_search_for(java.lang.String)&amp#27;[0m
  &amp#27;[32mAnd &amp#27;[0m&amp#27;[32muser select the product&amp#27;[0m                    &amp#27;[90m# championIT.stepDef.AppleCartStepDef.user_select_the_product()&amp#27;[0m
Arabic
Backlit Magic Keyboard with Touch ID - Arabic
*******Test *********
  &amp#27;[32mAnd &amp#27;[0m&amp#27;[32mchoose &amp#27;[0m&amp#27;[32m&amp#27;[1m"Arabic"&amp#27;[0m&amp#27;[32m keyboard and add to cart&amp#27;[0m   &amp#27;[90m# championIT.stepDef.AppleCartStepDef.choose_keyboard_and_add_to_cart(java.lang.String)&amp#27;[0m
2190.41 = Final Price12190.41
  &amp#27;[32mThen &amp#27;[0m&amp#27;[32muser see the correct &amp#27;[0m&amp#27;[32m&amp#27;[1m"12190.41"&amp#27;[0m&amp#27;[32m on page&amp#27;[0m   &amp#27;[90m# championIT.stepDef.AppleCartStepDef.user_see_the_correct_on_page(java.lang.String)&amp#27;[0m
]]></system-out>
    <system-err><![CDATA[Starting ChromeDriver 102.0.5005.61 (0e59bcc00cc4985ce39ad31c150065f159d95ad3-refs/branch-heads/5005@{#819}) on port 64534
Only local connections are allowed.
Please see https://chromedriver.chromium.org/security-considerations for suggestions on keeping ChromeDriver safe.
ChromeDriver was started successfully.
May 27, 2022 3:36:22 PM org.openqa.selenium.remote.ProtocolHandshake createSession
INFO: Detected dialect: W3C
May 27, 2022 3:36:22 PM org.openqa.selenium.devtools.CdpVersionFinder findNearestMatch
WARNING: Unable to find an exact match for CDP version 102, so returning the closest version found: 101
May 27, 2022 3:36:22 PM org.openqa.selenium.devtools.CdpVersionFinder findNearestMatch
INFO: Found CDP implementation for version 102 of 101
]]></system-err>
  </testcase>
</testsuite>