<?xml version="1.0" encoding="UTF-8"?>
<testsuite xmlns:xsi="http://www.w3.org/2001/XMLSchema-instance" xsi:noNamespaceSchemaLocation="https://maven.apache.org/surefire/maven-surefire-plugin/xsd/surefire-test-report-3.0.xsd" version="3.0" name="TestSuite" time="17.855" tests="1" errors="0" skipped="0" failures="0">
  <properties>
[...]
</properties>
  <testcase name="runScenario[&quot;Select product and add to cart&quot;, &quot;User add product to add to cart&quot;](1)" classname="championIT.testRunner.TestNgRunner$TestRunner" time="16.981">
    <system-out><![CDATA[
@test1
Scenario Outline: Select product and add to cart &amp#27;[90m# Features/AppleCart.feature:12&amp#27;[0m
  &amp#27;[32mGiven &amp#27;[0m&amp#27;[32muser have access to apple homepage&amp#27;[0m       &amp#27;[90m# championIT.stepDef.AppleCartStepDef.user_have_access_to_apple_homepage()&amp#27;[0m
  &amp#27;[32mWhen &amp#27;[0m&amp#27;[32muser search for &amp#27;[0m&amp#27;[32m&amp#27;[1m"MacBook Pro"&amp#27;[0m             &amp#27;[90m# championIT.stepDef.AppleCartStepDef.user_search_for(java.lang.String)&amp#27;[0m
  &amp#27;[32mAnd &amp#27;[0m&amp#27;[32muser select the product&amp#27;[0m                    &amp#27;[90m# championIT.stepDef.AppleCartStepDef.user_select_the_product()&amp#27;[0m
Arabic
Backlit Magic Keyboard with Touch ID - Arabic
  &amp#27;[32mAnd &amp#27;[0m&amp#27;[32mchoose &amp#27;[0m&amp#27;[32m&amp#27;[1m"Arabic"&amp#27;[0m&amp#27;[32m keyboard and add to cart&amp#27;[0m   &amp#27;[90m# championIT.stepDef.AppleCartStepDef.choose_keyboard_and_add_to_cart(java.lang.String)&amp#27;[0m
2190.41 = Final Price2190.41
  &amp#27;[32mThen &amp#27;[0m&amp#27;[32muser see the correct &amp#27;[0m&amp#27;[32m&amp#27;[1m"2190.41"&amp#27;[0m&amp#27;[32m on page&amp#27;[0m    &amp#27;[90m# championIT.stepDef.AppleCartStepDef.user_see_the_correct_on_page(java.lang.String)&amp#27;[0m
]]></system-out>
    <system-err><![CDATA[Starting ChromeDriver 101.0.4951.41 (93c720db8323b3ec10d056025ab95c23a31997c9-refs/branch-heads/4951@{#904}) on port 51927
Only local connections are allowed.
Please see https://chromedriver.chromium.org/security-considerations for suggestions on keeping ChromeDriver safe.
ChromeDriver was started successfully.
May 13, 2022 10:41:40 PM org.openqa.selenium.remote.ProtocolHandshake createSession
INFO: Detected dialect: W3C
May 13, 2022 10:41:40 PM org.openqa.selenium.devtools.CdpVersionFinder findNearestMatch
INFO: Found exact CDP implementation for version 101
]]></system-err>
  </testcase>
</testsuite>