<?xml version="1.0" encoding="UTF-8"?>
<testng-results ignored="0" total="1" passed="1" failed="0" skipped="0">
  <reporter-output>
  </reporter-output>
  <suite started-at="2022-06-21T18:22:59 PDT" name="Champion-IT" finished-at="2022-06-21T18:23:30 PDT" duration-ms="30956">
    <groups>
      <group name="cucumber">
        <method signature="AbstractTestNGCucumberTests.runScenario(io.cucumber.testng.PickleWrapper,io.cucumber.testng.FeatureWrapper)[pri:0, instance:championIT.testRunner.TestNgRunner$TestRunner@4f80542f]" name="runScenario" class="io.cucumber.testng.AbstractTestNGCucumberTests"/>
      </group> <!-- cucumber -->
    </groups>
    <test started-at="2022-06-21T18:22:59 PDT" name="Search_Box" finished-at="2022-06-21T18:23:30 PDT" duration-ms="30956">
      <class name="championIT.testRunner.TestNgRunner$TestRunner">
        <test-method is-config="true" signature="setUpClass(org.testng.ITestContext)[pri:0, instance:championIT.testRunner.TestNgRunner$TestRunner@4f80542f]" started-at="2022-06-21T18:22:59 PDT" name="setUpClass" finished-at="2022-06-21T18:23:00 PDT" duration-ms="380" status="PASS">
          <params>
            <param index="0">
              <value>
                <![CDATA[org.testng.TestRunner@353352b6]]>
              </value>
            </param>
          </params>
          <reporter-output>
          </reporter-output>
        </test-method> <!-- setUpClass -->
        <test-method signature="runScenario(io.cucumber.testng.PickleWrapper,io.cucumber.testng.FeatureWrapper)[pri:0, instance:championIT.testRunner.TestNgRunner$TestRunner@4f80542f]" started-at="2022-06-21T18:23:00 PDT" name="runScenario" description="Runs Cucumber Scenarios" data-provider="scenarios" finished-at="2022-06-21T18:23:30 PDT" duration-ms="30530" status="PASS">
          <params>
            <param index="0">
              <value>
                <![CDATA["Select product and add to cart"]]>
              </value>
            </param>
            <param index="1">
              <value>
                <![CDATA["User add product to add to cart"]]>
              </value>
            </param>
          </params>
          <reporter-output>
          </reporter-output>
        </test-method> <!-- runScenario -->
        <test-method is-config="true" signature="tearDownClass()[pri:0, instance:championIT.testRunner.TestNgRunner$TestRunner@4f80542f]" started-at="2022-06-21T18:23:30 PDT" name="tearDownClass" finished-at="2022-06-21T18:23:30 PDT" duration-ms="3" status="PASS">
          <reporter-output>
          </reporter-output>
        </test-method> <!-- tearDownClass -->
      </class> <!-- championIT.testRunner.TestNgRunner$TestRunner -->
    </test> <!-- Search_Box -->
  </suite> <!-- Champion-IT -->
</testng-results>
